# JRE version: OpenJDK Runtime Environment Temurin-21.0.3+9 (21.0.3+9) (build 21.0.3+9-LTS)
# Java VM: OpenJDK 64-Bit Server VM Temurin-21.0.3+9 (21.0.3+9-LTS, mixed mode, emulated-client, tiered, compressed oops, compressed class ptrs, g1 gc, windows-amd64)
GC Precious Log:
 CardTable entry size: 512
 Card Set container configuration: InlinePtr #cards 5 size 8 Array Of Cards #cards 12 size 40 Howl #buckets 4 coarsen threshold 1843 Howl Bitmap #cards 512 size 80 coarsen threshold 460 Card regions per heap region 1 cards per card region 2048
 CPUs: 8 total, 8 available
 Memory: 4005M
 Large Page Support: Disabled
 NUMA Support: Disabled
 Compressed Oops: Enabled (32-bit)
 Heap Region Size: 1M
 Heap Min Capacity: 8M
 Heap Initial Capacity: 64M
 Heap Max Capacity: 1002M
 Pre-touch: Disabled
 Parallel Workers: 8
 Concurrent Workers: 2
 Concurrent Refinement Workers: 8
 Periodic GC: Disabled
Heap:
 garbage-first heap   total 89088K, used 29234K [0x00000000c1600000, 0x0000000100000000)
  region size 1024K, 4 young (4096K), 4 survivors (4096K)
 Metaspace       used 78914K, committed 79488K, reserved 1179648K
  class space    used 10462K, committed 10752K, reserved 1048576K
GC Heap History (20 events):
Event: 3594.022 GC heap after
{Heap after GC invocations=49 (full 1):
 garbage-first heap   total 89088K, used 40963K [0x00000000c1600000, 0x0000000100000000)
  region size 1024K, 2 young (2048K), 2 survivors (2048K)
 Metaspace       used 78591K, committed 79168K, reserved 1179648K
  class space    used 10443K, committed 10688K, reserved 1048576K
}
Event: 3594.644 GC heap before
{Heap before GC invocations=49 (full 1):
 garbage-first heap   total 89088K, used 79875K [0x00000000c1600000, 0x0000000100000000)
  region size 1024K, 40 young (40960K), 2 survivors (2048K)
 Metaspace       used 78739K, committed 79360K, reserved 1179648K
  class space    used 10456K, committed 10752K, reserved 1048576K
}
Event: 3594.648 GC heap after
{Heap after GC invocations=50 (full 1):
 garbage-first heap   total 89088K, used 42991K [0x00000000c1600000, 0x0000000100000000)
  region size 1024K, 4 young (4096K), 4 survivors (4096K)
 Metaspace       used 78739K, committed 79360K, reserved 1179648K
  class space    used 10456K, committed 10752K, reserved 1048576K
}
Event: 3837.274 GC heap before
{Heap before GC invocations=51 (full 1):
 garbage-first heap   total 89088K, used 78831K [0x00000000c1600000, 0x0000000100000000)
  region size 1024K, 39 young (39936K), 4 survivors (4096K)
 Metaspace       used 78741K, committed 79360K, reserved 1179648K
  class space    used 10456K, committed 10752K, reserved 1048576K
}
Event: 3837.518 GC heap after
{Heap after GC invocations=52 (full 1):
 garbage-first heap   total 89088K, used 42451K [0x00000000c1600000, 0x0000000100000000)
  region size 1024K, 2 young (2048K), 2 survivors (2048K)
 Metaspace       used 78741K, committed 79360K, reserved 1179648K
  class space    used 10456K, committed 10752K, reserved 1048576K
}
Event: 4137.360 GC heap before
{Heap before GC invocations=52 (full 1):
 garbage-first heap   total 89088K, used 81363K [0x00000000c1600000, 0x0000000100000000)
  region size 1024K, 40 young (40960K), 2 survivors (2048K)
 Metaspace       used 78741K, committed 79360K, reserved 1179648K
  class space    used 10456K, committed 10752K, reserved 1048576K
}
Event: 4137.618 GC heap after
{Heap after GC invocations=53 (full 1):
 garbage-first heap   total 89088K, used 39177K [0x00000000c1600000, 0x0000000100000000)
  region size 1024K, 3 young (3072K), 3 survivors (3072K)
 Metaspace       used 78741K, committed 79360K, reserved 1179648K
  class space    used 10456K, committed 10752K, reserved 1048576K
}
Event: 4388.616 GC heap before
{Heap before GC invocations=53 (full 1):
 garbage-first heap   total 89088K, used 79113K [0x00000000c1600000, 0x0000000100000000)
  region size 1024K, 42 young (43008K), 3 survivors (3072K)
 Metaspace       used 78847K, committed 79488K, reserved 1179648K
  class space    used 10475K, committed 10752K, reserved 1048576K
}
Event: 4388.781 GC heap after
{Heap after GC invocations=54 (full 1):
 garbage-first heap   total 89088K, used 39842K [0x00000000c1600000, 0x0000000100000000)
  region size 1024K, 3 young (3072K), 3 survivors (3072K)
 Metaspace       used 78847K, committed 79488K, reserved 1179648K
  class space    used 10475K, committed 10752K, reserved 1048576K
}
Event: 4690.139 GC heap before
{Heap before GC invocations=55 (full 1):
 garbage-first heap   total 89088K, used 79778K [0x00000000c1600000, 0x0000000100000000)
  region size 1024K, 42 young (43008K), 3 survivors (3072K)
 Metaspace       used 78621K, committed 79488K, reserved 1179648K
  class space    used 10416K, committed 10752K, reserved 1048576K
}
Event: 4690.299 GC heap after
{Heap after GC invocations=56 (full 1):
 garbage-first heap   total 89088K, used 39594K [0x00000000c1600000, 0x0000000100000000)
  region size 1024K, 3 young (3072K), 3 survivors (3072K)
 Metaspace       used 78621K, committed 79488K, reserved 1179648K
  class space    used 10416K, committed 10752K, reserved 1048576K
}
Event: 4976.854 GC heap before
{Heap before GC invocations=56 (full 1):
 garbage-first heap   total 89088K, used 79530K [0x00000000c1600000, 0x0000000100000000)
  region size 1024K, 42 young (43008K), 3 survivors (3072K)
 Metaspace       used 78652K, committed 79488K, reserved 1179648K
  class space    used 10425K, committed 10752K, reserved 1048576K
}
Event: 4977.217 GC heap after
{Heap after GC invocations=57 (full 1):
 garbage-first heap   total 89088K, used 38324K [0x00000000c1600000, 0x0000000100000000)
  region size 1024K, 3 young (3072K), 3 survivors (3072K)
 Metaspace       used 78652K, committed 79488K, reserved 1179648K
  class space    used 10425K, committed 10752K, reserved 1048576K
}
Event: 4982.601 GC heap before
{Heap before GC invocations=57 (full 1):
 garbage-first heap   total 89088K, used 39348K [0x00000000c1600000, 0x0000000100000000)
  region size 1024K, 4 young (4096K), 3 survivors (3072K)
 Metaspace       used 78652K, committed 79488K, reserved 1179648K
  class space    used 10425K, committed 10752K, reserved 1048576K
}
Event: 4982.700 GC heap after
{Heap after GC invocations=58 (full 1):
 garbage-first heap   total 89088K, used 36905K [0x00000000c1600000, 0x0000000100000000)
  region size 1024K, 1 young (1024K), 1 survivors (1024K)
 Metaspace       used 78652K, committed 79488K, reserved 1179648K
  class space    used 10425K, committed 10752K, reserved 1048576K
}
Event: 4987.494 GC heap before
{Heap before GC invocations=58 (full 1):
 garbage-first heap   total 89088K, used 36905K [0x00000000c1600000, 0x0000000100000000)
  region size 1024K, 2 young (2048K), 1 survivors (1024K)
 Metaspace       used 78654K, committed 79488K, reserved 1179648K
  class space    used 10425K, committed 10752K, reserved 1048576K
}
Event: 4991.679 GC heap after
{Heap after GC invocations=59 (full 2):
 garbage-first heap   total 89088K, used 25138K [0x00000000c1600000, 0x0000000100000000)
  region size 1024K, 0 young (0K), 0 survivors (0K)
 Metaspace       used 78631K, committed 79488K, reserved 1179648K
  class space    used 10419K, committed 10752K, reserved 1048576K
}
Event: 5005.365 GC heap before
{Heap before GC invocations=59 (full 2):
 garbage-first heap   total 89088K, used 77362K [0x00000000c1600000, 0x0000000100000000)
  region size 1024K, 52 young (53248K), 0 survivors (0K)
 Metaspace       used 78807K, committed 79488K, reserved 1179648K
  class space    used 10441K, committed 10752K, reserved 1048576K
}
Event: 5005.399 GC heap after
{Heap after GC invocations=60 (full 2):
 garbage-first heap   total 89088K, used 28798K [0x00000000c1600000, 0x0000000100000000)
  region size 1024K, 4 young (4096K), 4 survivors (4096K)
 Metaspace       used 78807K, committed 79488K, reserved 1179648K
  class space    used 10441K, committed 10752K, reserved 1048576K
}
Event: 5012.182 GC heap before
{Heap before GC invocations=61 (full 2):
 garbage-first heap   total 89088K, used 75902K [0x00000000c1600000, 0x0000000100000000)
  region size 1024K, 51 young (52224K), 4 survivors (4096K)
 Metaspace       used 78914K, committed 79488K, reserved 1179648K
  class space    used 10462K, committed 10752K, reserved 1048576K
}

